0 info it worked if it ends with ok
1 verbose cli [ 'C:\\Program Files\\nodejs\\node.exe',
1 verbose cli   'C:\\Program Files\\nodejs\\node_modules\\npm\\bin\\npm-cli.js',
1 verbose cli   'run',
1 verbose cli   'build' ]
2 info using npm@3.10.10
3 info using node@v6.10.3
4 verbose run-script [ 'prebuild', 'build', 'postbuild' ]
5 info lifecycle angular-seed@0.0.0~prebuild: angular-seed@0.0.0
6 silly lifecycle angular-seed@0.0.0~prebuild: no script for prebuild, continuing
7 info lifecycle angular-seed@0.0.0~build: angular-seed@0.0.0
8 verbose lifecycle angular-seed@0.0.0~build: unsafe-perm in lifecycle true
9 verbose lifecycle angular-seed@0.0.0~build: PATH: C:\Program Files\nodejs\node_modules\npm\bin\node-gyp-bin;C:\Users\Admin\Desktop\orbital\nusmapper\node_modules\.bin;C:\Program Files\Docker\Docker\Resources\bin;C:\ProgramData\Oracle\Java\javapath;C:\Program Files (x86)\Intel\iCLS Client\;C:\Program Files\Intel\iCLS Client\;C:\WINDOWS\system32;C:\WINDOWS;C:\WINDOWS\System32\Wbem;C:\WINDOWS\System32\WindowsPowerShell\v1.0\;C:\Program Files (x86)\Intel\Intel(R) Management Engine Components\DAL;C:\Program Files\Intel\Intel(R) Management Engine Components\DAL;C:\Program Files (x86)\Intel\Intel(R) Management Engine Components\IPT;C:\Program Files\Intel\Intel(R) Management Engine Components\IPT;C:\Program Files\Lenovo\Touch Fingerprint Software\;C:\Program Files (x86)\Common Files\Lenovo;C:\ProgramData\Lenovo\ReadyApps;C:\Program Files (x86)\Common Files\Roxio Shared\DLLShared\;C:\Program Files (x86)\Common Files\Roxio Shared\10.0\DLLShared\;C:\Program Files\Git\cmd;C:\Program Files (x86)\Skype\Phone\;C:\Users\Admin\.dnx\bin;C:\Program Files\Microsoft DNX\Dnvm\;C:\Program Files\Microsoft SQL Server\130\Tools\Binn\;C:\Program Files (x86)\SlikSvn\bin;C:\Program Files (x86)\Windows Kits\8.1\Windows Performance Toolkit\;C:\Program Files (x86)\Heroku\bin;C:\Program Files (x86)\git\cmd;C:\Program Files (x86)\Git\cmd;C:\Program Files\Intel\WiFi\bin\;C:\Program Files\Common Files\Intel\WirelessCommon\;C:\Program Files\nodejs\;C:\Users\Admin\AppData\Local\Programs\Python\Python35-32\Scripts\;C:\Users\Admin\AppData\Local\Programs\Python\Python35-32\;C:\RailsInstaller\Ruby2.2.0\bin;C:\Users\Admin\Anaconda2;C:\Users\Admin\Anaconda2\Scripts;C:\Users\Admin\Anaconda2\Library\bin;C:\Users\Admin\AppData\Local\.meteor\;C:\Users\Admin\Desktop\Tesseract\tesseract-3.05.00dev-win32-vc19\;C:\apache-maven-3.3.9-bin\apache-maven-3.3.9\bin;C:\sqlite;C:\Users\Admin\AppData\Local\Microsoft\WindowsApps;C:\apache-ant-1.9.7;C:\Program Files\PostgreSQL\9.6\bin;C:\Program Files (x86)\SSH Communications Security\SSH Secure Shell;C:\Program Files\Intel\WiFi\bin\;C:\Program Files\Common Files\Intel\WirelessCommon\;C:\Users\Admin\AppData\Roaming\npm
10 verbose lifecycle angular-seed@0.0.0~build: CWD: C:\Users\Admin\Desktop\orbital\nusmapper
11 silly lifecycle angular-seed@0.0.0~build: Args: [ '/d /s /c', 'webpack --config mywebpack.config.js' ]
12 silly lifecycle angular-seed@0.0.0~build: Returned: code: 1  signal: null
13 info lifecycle angular-seed@0.0.0~build: Failed to exec build script
14 verbose stack Error: angular-seed@0.0.0 build: `webpack --config mywebpack.config.js`
14 verbose stack Exit status 1
14 verbose stack     at EventEmitter.<anonymous> (C:\Program Files\nodejs\node_modules\npm\lib\utils\lifecycle.js:255:16)
14 verbose stack     at emitTwo (events.js:106:13)
14 verbose stack     at EventEmitter.emit (events.js:191:7)
14 verbose stack     at ChildProcess.<anonymous> (C:\Program Files\nodejs\node_modules\npm\lib\utils\spawn.js:40:14)
14 verbose stack     at emitTwo (events.js:106:13)
14 verbose stack     at ChildProcess.emit (events.js:191:7)
14 verbose stack     at maybeClose (internal/child_process.js:886:16)
14 verbose stack     at Process.ChildProcess._handle.onexit (internal/child_process.js:226:5)
15 verbose pkgid angular-seed@0.0.0
16 verbose cwd C:\Users\Admin\Desktop\orbital\nusmapper
17 error Windows_NT 10.0.14393
18 error argv "C:\\Program Files\\nodejs\\node.exe" "C:\\Program Files\\nodejs\\node_modules\\npm\\bin\\npm-cli.js" "run" "build"
19 error node v6.10.3
20 error npm  v3.10.10
21 error code ELIFECYCLE
22 error angular-seed@0.0.0 build: `webpack --config mywebpack.config.js`
22 error Exit status 1
23 error Failed at the angular-seed@0.0.0 build script 'webpack --config mywebpack.config.js'.
23 error Make sure you have the latest version of node.js and npm installed.
23 error If you do, this is most likely a problem with the angular-seed package,
23 error not with npm itself.
23 error Tell the author that this fails on your system:
23 error     webpack --config mywebpack.config.js
23 error You can get information on how to open an issue for this project with:
23 error     npm bugs angular-seed
23 error Or if that isn't available, you can get their info via:
23 error     npm owner ls angular-seed
23 error There is likely additional logging output above.
24 verbose exit [ 1, true ]
